<?xml version="1.0" encoding="UTF-8"?>
<testsuite name="ch.course223.advanced.domainmodels.user.unit.UserRepositoryUnitTest" tests="5" skipped="0" failures="0" errors="0" timestamp="2020-04-29T12:11:14" hostname="DESKTOP-5MQDTQO" time="1.144">
  <properties/>
  <testcase name="findAll_requestAllUsers_returnsAllUsers" classname="ch.course223.advanced.domainmodels.user.unit.UserRepositoryUnitTest" time="0.338"/>
  <testcase name="updateUserById_requestUserToBeUpdated_returnUpdatedUser" classname="ch.course223.advanced.domainmodels.user.unit.UserRepositoryUnitTest" time="0.21"/>
  <testcase name="deleteUserById_requestADeletionOfUserById_returnAppropriateState" classname="ch.course223.advanced.domainmodels.user.unit.UserRepositoryUnitTest" time="0.197"/>
  <testcase name="findById_requestUserById_returnsUser" classname="ch.course223.advanced.domainmodels.user.unit.UserRepositoryUnitTest" time="0.197"/>
  <testcase name="create_deliverUserToCreate_returnCreatedUser" classname="ch.course223.advanced.domainmodels.user.unit.UserRepositoryUnitTest" time="0.199"/>
  <system-out><![CDATA[
  .   ____          _            __ _ _
 /\\ / ___'_ __ _ _(_)_ __  __ _ \ \ \ \
( ( )\___ | '_ | '_| | '_ \/ _` | \ \ \ \
 \\/  ___)| |_)| | | | | || (_| |  ) ) ) )
  '  |____| .__|_| |_|_| |_\__, | / / / /
 =========|_|==============|___/=/_/_/_/
 :: Spring Boot ::        (v2.2.6.RELEASE)

2020-04-29 14:11:14.399  INFO 22628 --- [    Test worker] c.c.a.d.u.unit.UserRepositoryUnitTest    : Starting UserRepositoryUnitTest on DESKTOP-5MQDTQO with PID 22628 (started by Salome in D:\work\Backend\XinnyBotProject\xinnyi_api)
2020-04-29 14:11:14.399  INFO 22628 --- [    Test worker] c.c.a.d.u.unit.UserRepositoryUnitTest    : No active profile set, falling back to default profiles: default
2020-04-29 14:11:14.478  INFO 22628 --- [    Test worker] .s.d.r.c.RepositoryConfigurationDelegate : Bootstrapping Spring Data JPA repositories in DEFAULT mode.
2020-04-29 14:11:14.505  INFO 22628 --- [    Test worker] .s.d.r.c.RepositoryConfigurationDelegate : Finished Spring Data repository scanning in 27ms. Found 5 JPA repository interfaces.
2020-04-29 14:11:14.515  INFO 22628 --- [    Test worker] beddedDataSourceBeanFactoryPostProcessor : Replacing 'dataSource' DataSource bean with embedded version
2020-04-29 14:11:14.546  INFO 22628 --- [    Test worker] o.s.j.d.e.EmbeddedDatabaseFactory        : Starting embedded database: url='jdbc:h2:mem:d7343d5b-1095-4b4e-8685-3b03f446b63d;DB_CLOSE_DELAY=-1;DB_CLOSE_ON_EXIT=false', username='sa'
2020-04-29 14:11:14.608  INFO 22628 --- [    Test worker] o.hibernate.jpa.internal.util.LogHelper  : HHH000204: Processing PersistenceUnitInfo [name: default]
2020-04-29 14:11:14.615  INFO 22628 --- [    Test worker] org.hibernate.dialect.Dialect            : HHH000400: Using dialect: org.hibernate.dialect.H2Dialect
Hibernate: drop table authority if exists
Hibernate: drop table device_linking_token if exists
Hibernate: drop table role if exists
Hibernate: drop table role_authority if exists
Hibernate: drop table users if exists
Hibernate: drop table users_role if exists
Hibernate: create table authority (id varchar(255) not null, name varchar(255) not null, primary key (id))
Hibernate: create table device_linking_token (id varchar(255) not null, token varchar(255), token_expiration_date date, user_id varchar(255), primary key (id))
Hibernate: create table role (id varchar(255) not null, name varchar(255) not null, primary key (id))
Hibernate: create table role_authority (role_id varchar(255) not null, authority_id varchar(255) not null, primary key (role_id, authority_id))
Hibernate: create table users (id varchar(255) not null, account_expiration_date date, credentials_expiration_date date, email varchar(255) not null, enabled integer, first_name varchar(255), last_name varchar(255), locked integer, password varchar(255), primary key (id))
Hibernate: create table users_role (users_id varchar(255) not null, role_id varchar(255) not null, primary key (users_id, role_id))
Hibernate: alter table users add constraint UK_6dotkott2kjsp8vw4d0m25fb7 unique (email)
Hibernate: alter table device_linking_token add constraint FK6f30qgl9qugxm7imy4u03ghu5 foreign key (user_id) references users
Hibernate: alter table role_authority add constraint FKqbri833f7xop13bvdje3xxtnw foreign key (authority_id) references authority
Hibernate: alter table role_authority add constraint FK2052966dco7y9f97s1a824bj1 foreign key (role_id) references role on delete cascade
Hibernate: alter table users_role add constraint FK3qjq7qsiigxa82jgk0i0wuq3g foreign key (role_id) references role
Hibernate: alter table users_role add constraint FKiu0xsee0dmwa28nffgyf4bcvc foreign key (users_id) references users
2020-04-29 14:11:14.699  INFO 22628 --- [    Test worker] o.h.e.t.j.p.i.JtaPlatformInitiator       : HHH000490: Using JtaPlatform implementation: [org.hibernate.engine.transaction.jta.platform.internal.NoJtaPlatform]
2020-04-29 14:11:14.699  INFO 22628 --- [    Test worker] j.LocalContainerEntityManagerFactoryBean : Initialized JPA EntityManagerFactory for persistence unit 'default'
2020-04-29 14:11:14.810  INFO 22628 --- [    Test worker] c.c.a.d.u.unit.UserRepositoryUnitTest    : Started UserRepositoryUnitTest in 0.43 seconds (JVM running for 8.627)
2020-04-29 14:11:14.818  INFO 22628 --- [    Test worker] o.s.t.c.transaction.TransactionContext   : Began transaction (1) for test context [DefaultTestContext@2f453f0e testClass = UserRepositoryUnitTest, testInstance = ch.course223.advanced.domainmodels.user.unit.UserRepositoryUnitTest@4fbde60d, testMethod = findAll_requestAllUsers_returnsAllUsers@UserRepositoryUnitTest, testException = [null], mergedContextConfiguration = [MergedContextConfiguration@1ed728ba testClass = UserRepositoryUnitTest, locations = '{}', classes = '{class ch.course223.advanced.Main}', contextInitializerClasses = '[]', activeProfiles = '{}', propertySourceLocations = '{classpath:application-test.properties}', propertySourceProperties = '{org.springframework.boot.test.autoconfigure.orm.jpa.DataJpaTestContextBootstrapper=true}', contextCustomizers = set[org.springframework.boot.test.autoconfigure.OverrideAutoConfigurationContextCustomizerFactory$DisableAutoConfigurationContextCustomizer@60019e09, org.springframework.boot.test.autoconfigure.filter.TypeExcludeFiltersContextCustomizer@351584c0, org.springframework.boot.test.autoconfigure.properties.PropertyMappingContextCustomizer@4ca8d1b6, org.springframework.boot.test.autoconfigure.web.servlet.WebDriverContextCustomizerFactory$Customizer@4e64fc96, [ImportsContextCustomizer@3f9d1c96 key = [org.springframework.boot.autoconfigure.cache.CacheAutoConfiguration, org.springframework.boot.autoconfigure.data.jpa.JpaRepositoriesAutoConfiguration, org.springframework.boot.autoconfigure.flyway.FlywayAutoConfiguration, org.springframework.boot.autoconfigure.jdbc.DataSourceAutoConfiguration, org.springframework.boot.autoconfigure.jdbc.DataSourceTransactionManagerAutoConfiguration, org.springframework.boot.autoconfigure.jdbc.JdbcTemplateAutoConfiguration, org.springframework.boot.autoconfigure.liquibase.LiquibaseAutoConfiguration, org.springframework.boot.autoconfigure.orm.jpa.HibernateJpaAutoConfiguration, org.springframework.boot.autoconfigure.transaction.TransactionAutoConfiguration, org.springframework.boot.test.autoconfigure.jdbc.TestDatabaseAutoConfiguration, org.springframework.boot.test.autoconfigure.orm.jpa.TestEntityManagerAutoConfiguration]], org.springframework.boot.test.context.filter.ExcludeFilterContextCustomizer@4165e848, org.springframework.boot.test.json.DuplicateJsonObjectContextCustomizerFactory$DuplicateJsonObjectContextCustomizer@6f49e664, org.springframework.boot.test.mock.mockito.MockitoContextCustomizer@0], contextLoader = 'org.springframework.boot.test.context.SpringBootContextLoader', parent = [null]], attributes = map[[empty]]]; transaction manager [org.springframework.orm.jpa.JpaTransactionManager@4345d95]; rollback [true]
Hibernate: insert into users (account_expiration_date, credentials_expiration_date, email, enabled, first_name, last_name, locked, password, id) values (?, ?, ?, ?, ?, ?, ?, ?, ?)
Hibernate: insert into role (name, id) values (?, ?)
Hibernate: insert into authority (name, id) values (?, ?)
Hibernate: insert into authority (name, id) values (?, ?)
Hibernate: insert into authority (name, id) values (?, ?)
Hibernate: insert into authority (name, id) values (?, ?)
Hibernate: insert into users (account_expiration_date, credentials_expiration_date, email, enabled, first_name, last_name, locked, password, id) values (?, ?, ?, ?, ?, ?, ?, ?, ?)
Hibernate: insert into users_role (users_id, role_id) values (?, ?)
Hibernate: insert into role_authority (role_id, authority_id) values (?, ?)
Hibernate: insert into role_authority (role_id, authority_id) values (?, ?)
Hibernate: insert into role_authority (role_id, authority_id) values (?, ?)
Hibernate: insert into role_authority (role_id, authority_id) values (?, ?)
Hibernate: insert into users_role (users_id, role_id) values (?, ?)
Hibernate: select user0_.id as id1_4_, user0_.account_expiration_date as account_2_4_, user0_.credentials_expiration_date as credenti3_4_, user0_.email as email4_4_, user0_.enabled as enabled5_4_, user0_.first_name as first_na6_4_, user0_.last_name as last_nam7_4_, user0_.locked as locked8_4_, user0_.password as password9_4_ from users user0_
2020-04-29 14:11:15.149  INFO 22628 --- [    Test worker] o.s.t.c.transaction.TransactionContext   : Rolled back transaction for test: [DefaultTestContext@2f453f0e testClass = UserRepositoryUnitTest, testInstance = ch.course223.advanced.domainmodels.user.unit.UserRepositoryUnitTest@4fbde60d, testMethod = findAll_requestAllUsers_returnsAllUsers@UserRepositoryUnitTest, testException = [null], mergedContextConfiguration = [MergedContextConfiguration@1ed728ba testClass = UserRepositoryUnitTest, locations = '{}', classes = '{class ch.course223.advanced.Main}', contextInitializerClasses = '[]', activeProfiles = '{}', propertySourceLocations = '{classpath:application-test.properties}', propertySourceProperties = '{org.springframework.boot.test.autoconfigure.orm.jpa.DataJpaTestContextBootstrapper=true}', contextCustomizers = set[org.springframework.boot.test.autoconfigure.OverrideAutoConfigurationContextCustomizerFactory$DisableAutoConfigurationContextCustomizer@60019e09, org.springframework.boot.test.autoconfigure.filter.TypeExcludeFiltersContextCustomizer@351584c0, org.springframework.boot.test.autoconfigure.properties.PropertyMappingContextCustomizer@4ca8d1b6, org.springframework.boot.test.autoconfigure.web.servlet.WebDriverContextCustomizerFactory$Customizer@4e64fc96, [ImportsContextCustomizer@3f9d1c96 key = [org.springframework.boot.autoconfigure.cache.CacheAutoConfiguration, org.springframework.boot.autoconfigure.data.jpa.JpaRepositoriesAutoConfiguration, org.springframework.boot.autoconfigure.flyway.FlywayAutoConfiguration, org.springframework.boot.autoconfigure.jdbc.DataSourceAutoConfiguration, org.springframework.boot.autoconfigure.jdbc.DataSourceTransactionManagerAutoConfiguration, org.springframework.boot.autoconfigure.jdbc.JdbcTemplateAutoConfiguration, org.springframework.boot.autoconfigure.liquibase.LiquibaseAutoConfiguration, org.springframework.boot.autoconfigure.orm.jpa.HibernateJpaAutoConfiguration, org.springframework.boot.autoconfigure.transaction.TransactionAutoConfiguration, org.springframework.boot.test.autoconfigure.jdbc.TestDatabaseAutoConfiguration, org.springframework.boot.test.autoconfigure.orm.jpa.TestEntityManagerAutoConfiguration]], org.springframework.boot.test.context.filter.ExcludeFilterContextCustomizer@4165e848, org.springframework.boot.test.json.DuplicateJsonObjectContextCustomizerFactory$DuplicateJsonObjectContextCustomizer@6f49e664, org.springframework.boot.test.mock.mockito.MockitoContextCustomizer@0], contextLoader = 'org.springframework.boot.test.context.SpringBootContextLoader', parent = [null]], attributes = map[[empty]]]
2020-04-29 14:11:15.152  INFO 22628 --- [    Test worker] o.s.t.c.transaction.TransactionContext   : Began transaction (1) for test context [DefaultTestContext@2f453f0e testClass = UserRepositoryUnitTest, testInstance = ch.course223.advanced.domainmodels.user.unit.UserRepositoryUnitTest@315c8aef, testMethod = updateUserById_requestUserToBeUpdated_returnUpdatedUser@UserRepositoryUnitTest, testException = [null], mergedContextConfiguration = [MergedContextConfiguration@1ed728ba testClass = UserRepositoryUnitTest, locations = '{}', classes = '{class ch.course223.advanced.Main}', contextInitializerClasses = '[]', activeProfiles = '{}', propertySourceLocations = '{classpath:application-test.properties}', propertySourceProperties = '{org.springframework.boot.test.autoconfigure.orm.jpa.DataJpaTestContextBootstrapper=true}', contextCustomizers = set[org.springframework.boot.test.autoconfigure.OverrideAutoConfigurationContextCustomizerFactory$DisableAutoConfigurationContextCustomizer@60019e09, org.springframework.boot.test.autoconfigure.filter.TypeExcludeFiltersContextCustomizer@351584c0, org.springframework.boot.test.autoconfigure.properties.PropertyMappingContextCustomizer@4ca8d1b6, org.springframework.boot.test.autoconfigure.web.servlet.WebDriverContextCustomizerFactory$Customizer@4e64fc96, [ImportsContextCustomizer@3f9d1c96 key = [org.springframework.boot.autoconfigure.cache.CacheAutoConfiguration, org.springframework.boot.autoconfigure.data.jpa.JpaRepositoriesAutoConfiguration, org.springframework.boot.autoconfigure.flyway.FlywayAutoConfiguration, org.springframework.boot.autoconfigure.jdbc.DataSourceAutoConfiguration, org.springframework.boot.autoconfigure.jdbc.DataSourceTransactionManagerAutoConfiguration, org.springframework.boot.autoconfigure.jdbc.JdbcTemplateAutoConfiguration, org.springframework.boot.autoconfigure.liquibase.LiquibaseAutoConfiguration, org.springframework.boot.autoconfigure.orm.jpa.HibernateJpaAutoConfiguration, org.springframework.boot.autoconfigure.transaction.TransactionAutoConfiguration, org.springframework.boot.test.autoconfigure.jdbc.TestDatabaseAutoConfiguration, org.springframework.boot.test.autoconfigure.orm.jpa.TestEntityManagerAutoConfiguration]], org.springframework.boot.test.context.filter.ExcludeFilterContextCustomizer@4165e848, org.springframework.boot.test.json.DuplicateJsonObjectContextCustomizerFactory$DuplicateJsonObjectContextCustomizer@6f49e664, org.springframework.boot.test.mock.mockito.MockitoContextCustomizer@0], contextLoader = 'org.springframework.boot.test.context.SpringBootContextLoader', parent = [null]], attributes = map[[empty]]]; transaction manager [org.springframework.orm.jpa.JpaTransactionManager@4345d95]; rollback [true]
2020-04-29 14:11:15.360  INFO 22628 --- [    Test worker] o.s.t.c.transaction.TransactionContext   : Rolled back transaction for test: [DefaultTestContext@2f453f0e testClass = UserRepositoryUnitTest, testInstance = ch.course223.advanced.domainmodels.user.unit.UserRepositoryUnitTest@315c8aef, testMethod = updateUserById_requestUserToBeUpdated_returnUpdatedUser@UserRepositoryUnitTest, testException = [null], mergedContextConfiguration = [MergedContextConfiguration@1ed728ba testClass = UserRepositoryUnitTest, locations = '{}', classes = '{class ch.course223.advanced.Main}', contextInitializerClasses = '[]', activeProfiles = '{}', propertySourceLocations = '{classpath:application-test.properties}', propertySourceProperties = '{org.springframework.boot.test.autoconfigure.orm.jpa.DataJpaTestContextBootstrapper=true}', contextCustomizers = set[org.springframework.boot.test.autoconfigure.OverrideAutoConfigurationContextCustomizerFactory$DisableAutoConfigurationContextCustomizer@60019e09, org.springframework.boot.test.autoconfigure.filter.TypeExcludeFiltersContextCustomizer@351584c0, org.springframework.boot.test.autoconfigure.properties.PropertyMappingContextCustomizer@4ca8d1b6, org.springframework.boot.test.autoconfigure.web.servlet.WebDriverContextCustomizerFactory$Customizer@4e64fc96, [ImportsContextCustomizer@3f9d1c96 key = [org.springframework.boot.autoconfigure.cache.CacheAutoConfiguration, org.springframework.boot.autoconfigure.data.jpa.JpaRepositoriesAutoConfiguration, org.springframework.boot.autoconfigure.flyway.FlywayAutoConfiguration, org.springframework.boot.autoconfigure.jdbc.DataSourceAutoConfiguration, org.springframework.boot.autoconfigure.jdbc.DataSourceTransactionManagerAutoConfiguration, org.springframework.boot.autoconfigure.jdbc.JdbcTemplateAutoConfiguration, org.springframework.boot.autoconfigure.liquibase.LiquibaseAutoConfiguration, org.springframework.boot.autoconfigure.orm.jpa.HibernateJpaAutoConfiguration, org.springframework.boot.autoconfigure.transaction.TransactionAutoConfiguration, org.springframework.boot.test.autoconfigure.jdbc.TestDatabaseAutoConfiguration, org.springframework.boot.test.autoconfigure.orm.jpa.TestEntityManagerAutoConfiguration]], org.springframework.boot.test.context.filter.ExcludeFilterContextCustomizer@4165e848, org.springframework.boot.test.json.DuplicateJsonObjectContextCustomizerFactory$DuplicateJsonObjectContextCustomizer@6f49e664, org.springframework.boot.test.mock.mockito.MockitoContextCustomizer@0], contextLoader = 'org.springframework.boot.test.context.SpringBootContextLoader', parent = [null]], attributes = map[[empty]]]
2020-04-29 14:11:15.362  INFO 22628 --- [    Test worker] o.s.t.c.transaction.TransactionContext   : Began transaction (1) for test context [DefaultTestContext@2f453f0e testClass = UserRepositoryUnitTest, testInstance = ch.course223.advanced.domainmodels.user.unit.UserRepositoryUnitTest@705653a7, testMethod = deleteUserById_requestADeletionOfUserById_returnAppropriateState@UserRepositoryUnitTest, testException = [null], mergedContextConfiguration = [MergedContextConfiguration@1ed728ba testClass = UserRepositoryUnitTest, locations = '{}', classes = '{class ch.course223.advanced.Main}', contextInitializerClasses = '[]', activeProfiles = '{}', propertySourceLocations = '{classpath:application-test.properties}', propertySourceProperties = '{org.springframework.boot.test.autoconfigure.orm.jpa.DataJpaTestContextBootstrapper=true}', contextCustomizers = set[org.springframework.boot.test.autoconfigure.OverrideAutoConfigurationContextCustomizerFactory$DisableAutoConfigurationContextCustomizer@60019e09, org.springframework.boot.test.autoconfigure.filter.TypeExcludeFiltersContextCustomizer@351584c0, org.springframework.boot.test.autoconfigure.properties.PropertyMappingContextCustomizer@4ca8d1b6, org.springframework.boot.test.autoconfigure.web.servlet.WebDriverContextCustomizerFactory$Customizer@4e64fc96, [ImportsContextCustomizer@3f9d1c96 key = [org.springframework.boot.autoconfigure.cache.CacheAutoConfiguration, org.springframework.boot.autoconfigure.data.jpa.JpaRepositoriesAutoConfiguration, org.springframework.boot.autoconfigure.flyway.FlywayAutoConfiguration, org.springframework.boot.autoconfigure.jdbc.DataSourceAutoConfiguration, org.springframework.boot.autoconfigure.jdbc.DataSourceTransactionManagerAutoConfiguration, org.springframework.boot.autoconfigure.jdbc.JdbcTemplateAutoConfiguration, org.springframework.boot.autoconfigure.liquibase.LiquibaseAutoConfiguration, org.springframework.boot.autoconfigure.orm.jpa.HibernateJpaAutoConfiguration, org.springframework.boot.autoconfigure.transaction.TransactionAutoConfiguration, org.springframework.boot.test.autoconfigure.jdbc.TestDatabaseAutoConfiguration, org.springframework.boot.test.autoconfigure.orm.jpa.TestEntityManagerAutoConfiguration]], org.springframework.boot.test.context.filter.ExcludeFilterContextCustomizer@4165e848, org.springframework.boot.test.json.DuplicateJsonObjectContextCustomizerFactory$DuplicateJsonObjectContextCustomizer@6f49e664, org.springframework.boot.test.mock.mockito.MockitoContextCustomizer@0], contextLoader = 'org.springframework.boot.test.context.SpringBootContextLoader', parent = [null]], attributes = map[[empty]]]; transaction manager [org.springframework.orm.jpa.JpaTransactionManager@4345d95]; rollback [true]
2020-04-29 14:11:15.558  INFO 22628 --- [    Test worker] o.s.t.c.transaction.TransactionContext   : Rolled back transaction for test: [DefaultTestContext@2f453f0e testClass = UserRepositoryUnitTest, testInstance = ch.course223.advanced.domainmodels.user.unit.UserRepositoryUnitTest@705653a7, testMethod = deleteUserById_requestADeletionOfUserById_returnAppropriateState@UserRepositoryUnitTest, testException = [null], mergedContextConfiguration = [MergedContextConfiguration@1ed728ba testClass = UserRepositoryUnitTest, locations = '{}', classes = '{class ch.course223.advanced.Main}', contextInitializerClasses = '[]', activeProfiles = '{}', propertySourceLocations = '{classpath:application-test.properties}', propertySourceProperties = '{org.springframework.boot.test.autoconfigure.orm.jpa.DataJpaTestContextBootstrapper=true}', contextCustomizers = set[org.springframework.boot.test.autoconfigure.OverrideAutoConfigurationContextCustomizerFactory$DisableAutoConfigurationContextCustomizer@60019e09, org.springframework.boot.test.autoconfigure.filter.TypeExcludeFiltersContextCustomizer@351584c0, org.springframework.boot.test.autoconfigure.properties.PropertyMappingContextCustomizer@4ca8d1b6, org.springframework.boot.test.autoconfigure.web.servlet.WebDriverContextCustomizerFactory$Customizer@4e64fc96, [ImportsContextCustomizer@3f9d1c96 key = [org.springframework.boot.autoconfigure.cache.CacheAutoConfiguration, org.springframework.boot.autoconfigure.data.jpa.JpaRepositoriesAutoConfiguration, org.springframework.boot.autoconfigure.flyway.FlywayAutoConfiguration, org.springframework.boot.autoconfigure.jdbc.DataSourceAutoConfiguration, org.springframework.boot.autoconfigure.jdbc.DataSourceTransactionManagerAutoConfiguration, org.springframework.boot.autoconfigure.jdbc.JdbcTemplateAutoConfiguration, org.springframework.boot.autoconfigure.liquibase.LiquibaseAutoConfiguration, org.springframework.boot.autoconfigure.orm.jpa.HibernateJpaAutoConfiguration, org.springframework.boot.autoconfigure.transaction.TransactionAutoConfiguration, org.springframework.boot.test.autoconfigure.jdbc.TestDatabaseAutoConfiguration, org.springframework.boot.test.autoconfigure.orm.jpa.TestEntityManagerAutoConfiguration]], org.springframework.boot.test.context.filter.ExcludeFilterContextCustomizer@4165e848, org.springframework.boot.test.json.DuplicateJsonObjectContextCustomizerFactory$DuplicateJsonObjectContextCustomizer@6f49e664, org.springframework.boot.test.mock.mockito.MockitoContextCustomizer@0], contextLoader = 'org.springframework.boot.test.context.SpringBootContextLoader', parent = [null]], attributes = map[[empty]]]
2020-04-29 14:11:15.560  INFO 22628 --- [    Test worker] o.s.t.c.transaction.TransactionContext   : Began transaction (1) for test context [DefaultTestContext@2f453f0e testClass = UserRepositoryUnitTest, testInstance = ch.course223.advanced.domainmodels.user.unit.UserRepositoryUnitTest@42c83fb5, testMethod = findById_requestUserById_returnsUser@UserRepositoryUnitTest, testException = [null], mergedContextConfiguration = [MergedContextConfiguration@1ed728ba testClass = UserRepositoryUnitTest, locations = '{}', classes = '{class ch.course223.advanced.Main}', contextInitializerClasses = '[]', activeProfiles = '{}', propertySourceLocations = '{classpath:application-test.properties}', propertySourceProperties = '{org.springframework.boot.test.autoconfigure.orm.jpa.DataJpaTestContextBootstrapper=true}', contextCustomizers = set[org.springframework.boot.test.autoconfigure.OverrideAutoConfigurationContextCustomizerFactory$DisableAutoConfigurationContextCustomizer@60019e09, org.springframework.boot.test.autoconfigure.filter.TypeExcludeFiltersContextCustomizer@351584c0, org.springframework.boot.test.autoconfigure.properties.PropertyMappingContextCustomizer@4ca8d1b6, org.springframework.boot.test.autoconfigure.web.servlet.WebDriverContextCustomizerFactory$Customizer@4e64fc96, [ImportsContextCustomizer@3f9d1c96 key = [org.springframework.boot.autoconfigure.cache.CacheAutoConfiguration, org.springframework.boot.autoconfigure.data.jpa.JpaRepositoriesAutoConfiguration, org.springframework.boot.autoconfigure.flyway.FlywayAutoConfiguration, org.springframework.boot.autoconfigure.jdbc.DataSourceAutoConfiguration, org.springframework.boot.autoconfigure.jdbc.DataSourceTransactionManagerAutoConfiguration, org.springframework.boot.autoconfigure.jdbc.JdbcTemplateAutoConfiguration, org.springframework.boot.autoconfigure.liquibase.LiquibaseAutoConfiguration, org.springframework.boot.autoconfigure.orm.jpa.HibernateJpaAutoConfiguration, org.springframework.boot.autoconfigure.transaction.TransactionAutoConfiguration, org.springframework.boot.test.autoconfigure.jdbc.TestDatabaseAutoConfiguration, org.springframework.boot.test.autoconfigure.orm.jpa.TestEntityManagerAutoConfiguration]], org.springframework.boot.test.context.filter.ExcludeFilterContextCustomizer@4165e848, org.springframework.boot.test.json.DuplicateJsonObjectContextCustomizerFactory$DuplicateJsonObjectContextCustomizer@6f49e664, org.springframework.boot.test.mock.mockito.MockitoContextCustomizer@0], contextLoader = 'org.springframework.boot.test.context.SpringBootContextLoader', parent = [null]], attributes = map[[empty]]]; transaction manager [org.springframework.orm.jpa.JpaTransactionManager@4345d95]; rollback [true]
2020-04-29 14:11:15.756  INFO 22628 --- [    Test worker] o.s.t.c.transaction.TransactionContext   : Rolled back transaction for test: [DefaultTestContext@2f453f0e testClass = UserRepositoryUnitTest, testInstance = ch.course223.advanced.domainmodels.user.unit.UserRepositoryUnitTest@42c83fb5, testMethod = findById_requestUserById_returnsUser@UserRepositoryUnitTest, testException = [null], mergedContextConfiguration = [MergedContextConfiguration@1ed728ba testClass = UserRepositoryUnitTest, locations = '{}', classes = '{class ch.course223.advanced.Main}', contextInitializerClasses = '[]', activeProfiles = '{}', propertySourceLocations = '{classpath:application-test.properties}', propertySourceProperties = '{org.springframework.boot.test.autoconfigure.orm.jpa.DataJpaTestContextBootstrapper=true}', contextCustomizers = set[org.springframework.boot.test.autoconfigure.OverrideAutoConfigurationContextCustomizerFactory$DisableAutoConfigurationContextCustomizer@60019e09, org.springframework.boot.test.autoconfigure.filter.TypeExcludeFiltersContextCustomizer@351584c0, org.springframework.boot.test.autoconfigure.properties.PropertyMappingContextCustomizer@4ca8d1b6, org.springframework.boot.test.autoconfigure.web.servlet.WebDriverContextCustomizerFactory$Customizer@4e64fc96, [ImportsContextCustomizer@3f9d1c96 key = [org.springframework.boot.autoconfigure.cache.CacheAutoConfiguration, org.springframework.boot.autoconfigure.data.jpa.JpaRepositoriesAutoConfiguration, org.springframework.boot.autoconfigure.flyway.FlywayAutoConfiguration, org.springframework.boot.autoconfigure.jdbc.DataSourceAutoConfiguration, org.springframework.boot.autoconfigure.jdbc.DataSourceTransactionManagerAutoConfiguration, org.springframework.boot.autoconfigure.jdbc.JdbcTemplateAutoConfiguration, org.springframework.boot.autoconfigure.liquibase.LiquibaseAutoConfiguration, org.springframework.boot.autoconfigure.orm.jpa.HibernateJpaAutoConfiguration, org.springframework.boot.autoconfigure.transaction.TransactionAutoConfiguration, org.springframework.boot.test.autoconfigure.jdbc.TestDatabaseAutoConfiguration, org.springframework.boot.test.autoconfigure.orm.jpa.TestEntityManagerAutoConfiguration]], org.springframework.boot.test.context.filter.ExcludeFilterContextCustomizer@4165e848, org.springframework.boot.test.json.DuplicateJsonObjectContextCustomizerFactory$DuplicateJsonObjectContextCustomizer@6f49e664, org.springframework.boot.test.mock.mockito.MockitoContextCustomizer@0], contextLoader = 'org.springframework.boot.test.context.SpringBootContextLoader', parent = [null]], attributes = map[[empty]]]
2020-04-29 14:11:15.758  INFO 22628 --- [    Test worker] o.s.t.c.transaction.TransactionContext   : Began transaction (1) for test context [DefaultTestContext@2f453f0e testClass = UserRepositoryUnitTest, testInstance = ch.course223.advanced.domainmodels.user.unit.UserRepositoryUnitTest@5ae056b4, testMethod = create_deliverUserToCreate_returnCreatedUser@UserRepositoryUnitTest, testException = [null], mergedContextConfiguration = [MergedContextConfiguration@1ed728ba testClass = UserRepositoryUnitTest, locations = '{}', classes = '{class ch.course223.advanced.Main}', contextInitializerClasses = '[]', activeProfiles = '{}', propertySourceLocations = '{classpath:application-test.properties}', propertySourceProperties = '{org.springframework.boot.test.autoconfigure.orm.jpa.DataJpaTestContextBootstrapper=true}', contextCustomizers = set[org.springframework.boot.test.autoconfigure.OverrideAutoConfigurationContextCustomizerFactory$DisableAutoConfigurationContextCustomizer@60019e09, org.springframework.boot.test.autoconfigure.filter.TypeExcludeFiltersContextCustomizer@351584c0, org.springframework.boot.test.autoconfigure.properties.PropertyMappingContextCustomizer@4ca8d1b6, org.springframework.boot.test.autoconfigure.web.servlet.WebDriverContextCustomizerFactory$Customizer@4e64fc96, [ImportsContextCustomizer@3f9d1c96 key = [org.springframework.boot.autoconfigure.cache.CacheAutoConfiguration, org.springframework.boot.autoconfigure.data.jpa.JpaRepositoriesAutoConfiguration, org.springframework.boot.autoconfigure.flyway.FlywayAutoConfiguration, org.springframework.boot.autoconfigure.jdbc.DataSourceAutoConfiguration, org.springframework.boot.autoconfigure.jdbc.DataSourceTransactionManagerAutoConfiguration, org.springframework.boot.autoconfigure.jdbc.JdbcTemplateAutoConfiguration, org.springframework.boot.autoconfigure.liquibase.LiquibaseAutoConfiguration, org.springframework.boot.autoconfigure.orm.jpa.HibernateJpaAutoConfiguration, org.springframework.boot.autoconfigure.transaction.TransactionAutoConfiguration, org.springframework.boot.test.autoconfigure.jdbc.TestDatabaseAutoConfiguration, org.springframework.boot.test.autoconfigure.orm.jpa.TestEntityManagerAutoConfiguration]], org.springframework.boot.test.context.filter.ExcludeFilterContextCustomizer@4165e848, org.springframework.boot.test.json.DuplicateJsonObjectContextCustomizerFactory$DuplicateJsonObjectContextCustomizer@6f49e664, org.springframework.boot.test.mock.mockito.MockitoContextCustomizer@0], contextLoader = 'org.springframework.boot.test.context.SpringBootContextLoader', parent = [null]], attributes = map[[empty]]]; transaction manager [org.springframework.orm.jpa.JpaTransactionManager@4345d95]; rollback [true]
2020-04-29 14:11:15.955  INFO 22628 --- [    Test worker] o.s.t.c.transaction.TransactionContext   : Rolled back transaction for test: [DefaultTestContext@2f453f0e testClass = UserRepositoryUnitTest, testInstance = ch.course223.advanced.domainmodels.user.unit.UserRepositoryUnitTest@5ae056b4, testMethod = create_deliverUserToCreate_returnCreatedUser@UserRepositoryUnitTest, testException = [null], mergedContextConfiguration = [MergedContextConfiguration@1ed728ba testClass = UserRepositoryUnitTest, locations = '{}', classes = '{class ch.course223.advanced.Main}', contextInitializerClasses = '[]', activeProfiles = '{}', propertySourceLocations = '{classpath:application-test.properties}', propertySourceProperties = '{org.springframework.boot.test.autoconfigure.orm.jpa.DataJpaTestContextBootstrapper=true}', contextCustomizers = set[org.springframework.boot.test.autoconfigure.OverrideAutoConfigurationContextCustomizerFactory$DisableAutoConfigurationContextCustomizer@60019e09, org.springframework.boot.test.autoconfigure.filter.TypeExcludeFiltersContextCustomizer@351584c0, org.springframework.boot.test.autoconfigure.properties.PropertyMappingContextCustomizer@4ca8d1b6, org.springframework.boot.test.autoconfigure.web.servlet.WebDriverContextCustomizerFactory$Customizer@4e64fc96, [ImportsContextCustomizer@3f9d1c96 key = [org.springframework.boot.autoconfigure.cache.CacheAutoConfiguration, org.springframework.boot.autoconfigure.data.jpa.JpaRepositoriesAutoConfiguration, org.springframework.boot.autoconfigure.flyway.FlywayAutoConfiguration, org.springframework.boot.autoconfigure.jdbc.DataSourceAutoConfiguration, org.springframework.boot.autoconfigure.jdbc.DataSourceTransactionManagerAutoConfiguration, org.springframework.boot.autoconfigure.jdbc.JdbcTemplateAutoConfiguration, org.springframework.boot.autoconfigure.liquibase.LiquibaseAutoConfiguration, org.springframework.boot.autoconfigure.orm.jpa.HibernateJpaAutoConfiguration, org.springframework.boot.autoconfigure.transaction.TransactionAutoConfiguration, org.springframework.boot.test.autoconfigure.jdbc.TestDatabaseAutoConfiguration, org.springframework.boot.test.autoconfigure.orm.jpa.TestEntityManagerAutoConfiguration]], org.springframework.boot.test.context.filter.ExcludeFilterContextCustomizer@4165e848, org.springframework.boot.test.json.DuplicateJsonObjectContextCustomizerFactory$DuplicateJsonObjectContextCustomizer@6f49e664, org.springframework.boot.test.mock.mockito.MockitoContextCustomizer@0], contextLoader = 'org.springframework.boot.test.context.SpringBootContextLoader', parent = [null]], attributes = map[[empty]]]
]]></system-out>
  <system-err><![CDATA[]]></system-err>
</testsuite>
