<?xml version="1.0" encoding="UTF-8"?>
<testsuite name="ch.course223.advanced.domainmodels.user.unit.UserControllerUnitTest" tests="5" skipped="0" failures="0" errors="0" timestamp="2020-04-29T12:11:13" hostname="DESKTOP-5MQDTQO" time="0.54">
  <properties/>
  <testcase name="findAll_requestAllUsers_returnsAllUsers" classname="ch.course223.advanced.domainmodels.user.unit.UserControllerUnitTest" time="0.129"/>
  <testcase name="updateUserById_requestUserDTOToBeUpdated_returnUpdatedUserDTO" classname="ch.course223.advanced.domainmodels.user.unit.UserControllerUnitTest" time="0.188"/>
  <testcase name="deleteUserById_requestADeletionOfUserById_returnAppropriateState" classname="ch.course223.advanced.domainmodels.user.unit.UserControllerUnitTest" time="0.07"/>
  <testcase name="findById_requestUserById_returnsUser" classname="ch.course223.advanced.domainmodels.user.unit.UserControllerUnitTest" time="0.076"/>
  <testcase name="create_deliverUserDTOToCreate_returnCreatedUserDTO" classname="ch.course223.advanced.domainmodels.user.unit.UserControllerUnitTest" time="0.074"/>
  <system-out><![CDATA[
  .   ____          _            __ _ _
 /\\ / ___'_ __ _ _(_)_ __  __ _ \ \ \ \
( ( )\___ | '_ | '_| | '_ \/ _` | \ \ \ \
 \\/  ___)| |_)| | | | | || (_| |  ) ) ) )
  '  |____| .__|_| |_|_| |_\__, | / / / /
 =========|_|==============|___/=/_/_/_/
 :: Spring Boot ::        (v2.2.6.RELEASE)

2020-04-29 14:11:12.584  INFO 22628 --- [    Test worker] c.c.a.d.u.unit.UserControllerUnitTest    : Starting UserControllerUnitTest on DESKTOP-5MQDTQO with PID 22628 (started by Salome in D:\work\Backend\XinnyBotProject\xinnyi_api)
2020-04-29 14:11:12.585  INFO 22628 --- [    Test worker] c.c.a.d.u.unit.UserControllerUnitTest    : No active profile set, falling back to default profiles: default
2020-04-29 14:11:12.783  INFO 22628 --- [    Test worker] .s.d.r.c.RepositoryConfigurationDelegate : Bootstrapping Spring Data JPA repositories in DEFAULT mode.
2020-04-29 14:11:12.812  INFO 22628 --- [    Test worker] .s.d.r.c.RepositoryConfigurationDelegate : Finished Spring Data repository scanning in 28ms. Found 5 JPA repository interfaces.
2020-04-29 14:11:13.014  INFO 22628 --- [    Test worker] o.hibernate.jpa.internal.util.LogHelper  : HHH000204: Processing PersistenceUnitInfo [name: default]
2020-04-29 14:11:13.020  INFO 22628 --- [    Test worker] com.zaxxer.hikari.HikariDataSource       : HikariPool-2 - Starting...
2020-04-29 14:11:13.023  INFO 22628 --- [    Test worker] com.zaxxer.hikari.HikariDataSource       : HikariPool-2 - Start completed.
2020-04-29 14:11:13.023  INFO 22628 --- [    Test worker] org.hibernate.dialect.Dialect            : HHH000400: Using dialect: org.hibernate.dialect.H2Dialect
2020-04-29 14:11:13.130  INFO 22628 --- [    Test worker] o.h.e.t.j.p.i.JtaPlatformInitiator       : HHH000490: Using JtaPlatform implementation: [org.hibernate.engine.transaction.jta.platform.internal.NoJtaPlatform]
2020-04-29 14:11:13.131  INFO 22628 --- [    Test worker] j.LocalContainerEntityManagerFactoryBean : Initialized JPA EntityManagerFactory for persistence unit 'default'
2020-04-29 14:11:13.263  WARN 22628 --- [    Test worker] JpaBaseConfiguration$JpaWebConfiguration : spring.jpa.open-in-view is enabled by default. Therefore, database queries may be performed during view rendering. Explicitly configure spring.jpa.open-in-view to disable this warning
2020-04-29 14:11:13.390  INFO 22628 --- [    Test worker] o.s.s.web.DefaultSecurityFilterChain     : Creating filter chain: any request, [org.springframework.security.web.context.request.async.WebAsyncManagerIntegrationFilter@2dc3bb41, org.springframework.security.web.context.SecurityContextPersistenceFilter@9a8a299, org.springframework.security.web.header.HeaderWriterFilter@540c96a6, org.springframework.web.filter.CorsFilter@4431012a, org.springframework.security.web.authentication.logout.LogoutFilter@5c1a4908, ch.course223.advanced.security.JWTAuthenticationFilter@330acb8a, ch.course223.advanced.security.JWTAuthorizationFilter@e3516ad, org.springframework.security.web.savedrequest.RequestCacheAwareFilter@573c5b3, org.springframework.security.web.servletapi.SecurityContextHolderAwareRequestFilter@357ada1d, org.springframework.security.web.authentication.AnonymousAuthenticationFilter@3e9cbd99, org.springframework.security.web.session.SessionManagementFilter@2210f4a0, org.springframework.security.web.access.ExceptionTranslationFilter@5adac1ae, org.springframework.security.web.access.intercept.FilterSecurityInterceptor@6c0a310f]
2020-04-29 14:11:13.623  INFO 22628 --- [    Test worker] o.s.s.concurrent.ThreadPoolTaskExecutor  : Initializing ExecutorService 'applicationTaskExecutor'
2020-04-29 14:11:13.814  INFO 22628 --- [    Test worker] o.s.b.t.m.w.SpringBootMockServletContext : Initializing Spring TestDispatcherServlet ''
2020-04-29 14:11:13.814  INFO 22628 --- [    Test worker] o.s.t.web.servlet.TestDispatcherServlet  : Initializing Servlet ''
2020-04-29 14:11:13.823  INFO 22628 --- [    Test worker] o.s.t.web.servlet.TestDispatcherServlet  : Completed initialization in 9 ms
2020-04-29 14:11:13.831  INFO 22628 --- [    Test worker] c.c.a.d.u.unit.UserControllerUnitTest    : Started UserControllerUnitTest in 1.267 seconds (JVM running for 7.649)
]]></system-out>
  <system-err><![CDATA[]]></system-err>
</testsuite>
