<?xml version="1.0" encoding="UTF-8"?>
<testsuite name="ch.course223.advanced.domainmodels.user.unit.UserControllerUnitTest" tests="5" skipped="0" failures="0" errors="0" timestamp="2020-04-29T09:04:16" hostname="DESKTOP-UCIH5CH" time="0.785">
  <properties/>
  <testcase name="findAll_requestAllUsers_returnsAllUsers" classname="ch.course223.advanced.domainmodels.user.unit.UserControllerUnitTest" time="0.152"/>
  <testcase name="updateUserById_requestUserDTOToBeUpdated_returnUpdatedUserDTO" classname="ch.course223.advanced.domainmodels.user.unit.UserControllerUnitTest" time="0.279"/>
  <testcase name="deleteUserById_requestADeletionOfUserById_returnAppropriateState" classname="ch.course223.advanced.domainmodels.user.unit.UserControllerUnitTest" time="0.109"/>
  <testcase name="findById_requestUserById_returnsUser" classname="ch.course223.advanced.domainmodels.user.unit.UserControllerUnitTest" time="0.123"/>
  <testcase name="create_deliverUserDTOToCreate_returnCreatedUserDTO" classname="ch.course223.advanced.domainmodels.user.unit.UserControllerUnitTest" time="0.119"/>
  <system-out><![CDATA[
  .   ____          _            __ _ _
 /\\ / ___'_ __ _ _(_)_ __  __ _ \ \ \ \
( ( )\___ | '_ | '_| | '_ \/ _` | \ \ \ \
 \\/  ___)| |_)| | | | | || (_| |  ) ) ) )
  '  |____| .__|_| |_|_| |_\__, | / / / /
 =========|_|==============|___/=/_/_/_/
 :: Spring Boot ::        (v2.2.6.RELEASE)

2020-04-29 11:04:15.485  INFO 8808 --- [    Test worker] c.c.a.d.u.unit.UserControllerUnitTest    : Starting UserControllerUnitTest on DESKTOP-UCIH5CH with PID 8808 (started by Nate Widmer in C:\Users\Nate Widmer\Documents\Noser Young\Projekte\xinnyi\xinnyi_api)
2020-04-29 11:04:15.486  INFO 8808 --- [    Test worker] c.c.a.d.u.unit.UserControllerUnitTest    : No active profile set, falling back to default profiles: default
2020-04-29 11:04:15.752  INFO 8808 --- [    Test worker] .s.d.r.c.RepositoryConfigurationDelegate : Bootstrapping Spring Data JPA repositories in DEFAULT mode.
2020-04-29 11:04:15.808  INFO 8808 --- [    Test worker] .s.d.r.c.RepositoryConfigurationDelegate : Finished Spring Data repository scanning in 55ms. Found 4 JPA repository interfaces.
2020-04-29 11:04:16.108  INFO 8808 --- [    Test worker] o.hibernate.jpa.internal.util.LogHelper  : HHH000204: Processing PersistenceUnitInfo [name: default]
2020-04-29 11:04:16.120  INFO 8808 --- [    Test worker] com.zaxxer.hikari.HikariDataSource       : HikariPool-2 - Starting...
2020-04-29 11:04:16.122  INFO 8808 --- [    Test worker] com.zaxxer.hikari.HikariDataSource       : HikariPool-2 - Start completed.
2020-04-29 11:04:16.123  INFO 8808 --- [    Test worker] org.hibernate.dialect.Dialect            : HHH000400: Using dialect: org.hibernate.dialect.H2Dialect
2020-04-29 11:04:16.210  INFO 8808 --- [    Test worker] o.h.e.t.j.p.i.JtaPlatformInitiator       : HHH000490: Using JtaPlatform implementation: [org.hibernate.engine.transaction.jta.platform.internal.NoJtaPlatform]
2020-04-29 11:04:16.210  INFO 8808 --- [    Test worker] j.LocalContainerEntityManagerFactoryBean : Initialized JPA EntityManagerFactory for persistence unit 'default'
2020-04-29 11:04:16.299  WARN 8808 --- [    Test worker] JpaBaseConfiguration$JpaWebConfiguration : spring.jpa.open-in-view is enabled by default. Therefore, database queries may be performed during view rendering. Explicitly configure spring.jpa.open-in-view to disable this warning
2020-04-29 11:04:16.441  INFO 8808 --- [    Test worker] o.s.s.web.DefaultSecurityFilterChain     : Creating filter chain: any request, [org.springframework.security.web.context.request.async.WebAsyncManagerIntegrationFilter@17e7176d, org.springframework.security.web.context.SecurityContextPersistenceFilter@1364ecd8, org.springframework.security.web.header.HeaderWriterFilter@144d33eb, org.springframework.web.filter.CorsFilter@56c06ba8, org.springframework.security.web.authentication.logout.LogoutFilter@6f78093a, ch.course223.advanced.security.JWTAuthenticationFilter@683f5828, ch.course223.advanced.security.JWTAuthorizationFilter@1d7238a3, org.springframework.security.web.savedrequest.RequestCacheAwareFilter@51619de3, org.springframework.security.web.servletapi.SecurityContextHolderAwareRequestFilter@2cce3e4f, org.springframework.security.web.authentication.AnonymousAuthenticationFilter@3201081f, org.springframework.security.web.session.SessionManagementFilter@4c376801, org.springframework.security.web.access.ExceptionTranslationFilter@67a4bc73, org.springframework.security.web.access.intercept.FilterSecurityInterceptor@45560dc9]
2020-04-29 11:04:16.736  INFO 8808 --- [    Test worker] o.s.s.concurrent.ThreadPoolTaskExecutor  : Initializing ExecutorService 'applicationTaskExecutor'
2020-04-29 11:04:16.970  INFO 8808 --- [    Test worker] o.s.b.t.m.w.SpringBootMockServletContext : Initializing Spring TestDispatcherServlet ''
2020-04-29 11:04:16.970  INFO 8808 --- [    Test worker] o.s.t.web.servlet.TestDispatcherServlet  : Initializing Servlet ''
2020-04-29 11:04:16.979  INFO 8808 --- [    Test worker] o.s.t.web.servlet.TestDispatcherServlet  : Completed initialization in 9 ms
2020-04-29 11:04:16.990  INFO 8808 --- [    Test worker] c.c.a.d.u.unit.UserControllerUnitTest    : Started UserControllerUnitTest in 1.537 seconds (JVM running for 10.167)
]]></system-out>
  <system-err><![CDATA[]]></system-err>
</testsuite>
